c:\users\saint\source\repos\exercise\exercise\debug\vc142.pdb
c:\users\saint\source\repos\exercise\exercise\debug\vc142.idb
c:\users\saint\source\repos\exercise\exercise\debug\step4.obj
c:\users\saint\source\repos\exercise\debug\exercise.exe
c:\users\saint\source\repos\exercise\debug\exercise.ilk
c:\users\saint\source\repos\exercise\debug\exercise.pdb
c:\users\saint\source\repos\exercise\exercise\debug\source.obj
c:\users\saint\source\repos\exercise\exercise\debug\source1.obj
c:\users\saint\source\repos\exercise\exercise\debug\source2.obj
c:\users\saint\source\repos\exercise\exercise\debug\source3.obj
c:\users\saint\source\repos\exercise\exercise\debug\source5.obj
c:\users\saint\source\repos\exercise\exercise\debug\step1.obj
c:\users\saint\source\repos\exercise\exercise\debug\step2.obj
c:\users\saint\source\repos\exercise\exercise\debug\source.obj.enc
c:\users\saint\source\repos\exercise\exercise\debug\exercise.tlog\cl.command.1.tlog
c:\users\saint\source\repos\exercise\exercise\debug\exercise.tlog\cl.read.1.tlog
c:\users\saint\source\repos\exercise\exercise\debug\exercise.tlog\cl.write.1.tlog
c:\users\saint\source\repos\exercise\exercise\debug\exercise.tlog\link.command.1.tlog
c:\users\saint\source\repos\exercise\exercise\debug\exercise.tlog\link.read.1.tlog
c:\users\saint\source\repos\exercise\exercise\debug\exercise.tlog\link.write.1.tlog
